[21 Oct 2016 13:23:51] DEBUG Executing SQL script
[21 Oct 2016 13:23:51] INFO ================================================================================
[21 Oct 2016 13:23:51] INFO outputPath= '/Users/laurensvandenbercken/Documents/workspace_webratio/WSE_Group27/.Temp~/UpdateSQL.xml'
[21 Oct 2016 13:23:51] INFO onError= 'stop'
[21 Oct 2016 13:23:51] INFO statementSeparator= ';'
[21 Oct 2016 13:23:51] INFO derby.system.home= '/Users/laurensvandenbercken/Documents/workspace_webratio/.metadata/.plugins/com.webratio.commons.db/derby'
[21 Oct 2016 13:23:51] INFO password= 'GoForWeb2016!'
[21 Oct 2016 13:23:51] INFO url= 'jdbc:mysql://82.196.7.146:5656/ifml'
[21 Oct 2016 13:23:51] INFO username= 'ifml'
[21 Oct 2016 13:23:51] INFO autoCommit= 'false'
[21 Oct 2016 13:23:51] INFO outputLogPath= '/Users/laurensvandenbercken/Documents/workspace_webratio/WSE_Group27/.Temp~/UpdateSQL.xml.log'
[21 Oct 2016 13:23:51] INFO driverClass= 'com.mysql.jdbc.Driver'
[21 Oct 2016 13:23:51] INFO encoding= ''
[21 Oct 2016 13:23:51] INFO eventSocketPort= '49667'
[21 Oct 2016 13:23:51] INFO sqlScript= '/Users/laurensvandenbercken/Documents/workspace_webratio/WSE_Group27/.Temp~/UpdateSQL.sql'
[21 Oct 2016 13:23:51] INFO ================================================================================
[21 Oct 2016 13:23:51] INFO Connecting to the Database...
[21 Oct 2016 13:23:51] INFO Database connection estabilished
[21 Oct 2016 13:23:51] INFO transaction isolation: 4
[21 Oct 2016 13:23:51] DEBUG ================================================================================
[21 Oct 2016 13:23:51] DEBUG Executing SQL script file: /Users/laurensvandenbercken/Documents/workspace_webratio/WSE_Group27/.Temp~/UpdateSQL.sql
[21 Oct 2016 13:23:51] DEBUG Executing statement:  alter table `campaign`  add column  `isconcluded`  bit
[21 Oct 2016 13:23:51] DEBUG ================================================================================
[21 Oct 2016 13:23:51] DEBUG SQL SCRIPT SUCCESSFULLY EXECUTED
[21 Oct 2016 13:23:51] INFO Database connection closed
[21 Oct 2016 13:23:51] DEBUG Total time: 557 milliseconds
